<!DOCTYPE html>

<html>
  <head>
  <meta charset='utf-8'>
  <title>TestNG reports</title>

    <link type="text/css" href="testng-reports.css" rel="stylesheet" />  
    <script type="text/javascript" src="jquery-1.7.1.min.js"></script>
    <script type="text/javascript" src="testng-reports.js"></script>
    <script type="text/javascript" src="https://www.google.com/jsapi"></script>
    <script type='text/javascript'>
      google.load('visualization', '1', {packages:['table']});
      google.setOnLoadCallback(drawTable);
      var suiteTableInitFunctions = new Array();
      var suiteTableData = new Array();
    </script>
    <!--
      <script type="text/javascript" src="jquery-ui/js/jquery-ui-1.8.16.custom.min.js"></script>
     -->
  </head>

  <body>
    <div class="top-banner-root">
      <span class="top-banner-title-font">Test results</span>
      <br/>
      <span class="top-banner-font-1">1 suite</span>
    </div> <!-- top-banner-root -->
    <div class="navigator-root">
      <div class="navigator-suite-header">
        <span>All suites</span>
        <a href="#" class="collapse-all-link" title="Collapse/expand all the suites">
          <img class="collapse-all-icon" src="collapseall.gif">
          </img> <!-- collapse-all-icon -->
        </a> <!-- collapse-all-link -->
      </div> <!-- navigator-suite-header -->
      <div class="suite">
        <div class="rounded-window">
          <div class="suite-header light-rounded-window-top">
            <a href="#" class="navigator-link" panel-name="suite-data_driven_login_testing">
              <span class="suite-name border-skipped">data driven login testing</span>
            </a> <!-- navigator-link -->
          </div> <!-- suite-header light-rounded-window-top -->
          <div class="navigator-suite-content">
            <div class="suite-section-title">
              <span>Info</span>
            </div> <!-- suite-section-title -->
            <div class="suite-section-content">
              <ul>
                <li>
                  <a href="#" class="navigator-link " panel-name="test-xml-data_driven_login_testing">
                    <span>C:\Users\sacon\OneDrive\Desktop\workspace\TestNG-Maven\src\test\java\logindata.xml</span>
                  </a> <!-- navigator-link  -->
                </li>
                <li>
                  <a href="#" class="navigator-link " panel-name="testlist-data_driven_login_testing">
                    <span class="test-stats">4 tests</span>
                  </a> <!-- navigator-link  -->
                </li>
                <li>
                  <a href="#" class="navigator-link " panel-name="group-data_driven_login_testing">
                    <span>0 groups</span>
                  </a> <!-- navigator-link  -->
                </li>
                <li>
                  <a href="#" class="navigator-link " panel-name="times-data_driven_login_testing">
                    <span>Times</span>
                  </a> <!-- navigator-link  -->
                </li>
                <li>
                  <a href="#" class="navigator-link " panel-name="reporter-data_driven_login_testing">
                    <span>Reporter output</span>
                  </a> <!-- navigator-link  -->
                </li>
                <li>
                  <a href="#" class="navigator-link " panel-name="ignored-methods-data_driven_login_testing">
                    <span>Ignored methods</span>
                  </a> <!-- navigator-link  -->
                </li>
                <li>
                  <a href="#" class="navigator-link " panel-name="chronological-data_driven_login_testing">
                    <span>Chronological view</span>
                  </a> <!-- navigator-link  -->
                </li>
              </ul>
            </div> <!-- suite-section-content -->
            <div class="result-section">
              <div class="suite-section-title">
                <span>Results</span>
              </div> <!-- suite-section-title -->
              <div class="suite-section-content">
                <ul>
                  <li>
                    <span class="method-stats">4 methods,  4 skipped,  </span>
                  </li>
                  <li>
                    <span class="method-list-title skipped">Skipped methods</span>
                    <span class="show-or-hide-methods skipped">
                      <a href="#" panel-name="suite-data_driven_login_testing" class="hide-methods skipped suite-data_driven_login_testing"> (hide)</a> <!-- hide-methods skipped suite-data_driven_login_testing -->
                      <a href="#" panel-name="suite-data_driven_login_testing" class="show-methods skipped suite-data_driven_login_testing"> (show)</a> <!-- show-methods skipped suite-data_driven_login_testing -->
                    </span>
                    <div class="method-list-content skipped suite-data_driven_login_testing">
                      <span>
                        <img width="3%" src="skipped.png"/>
                        <a href="#" class="method navigator-link" panel-name="suite-data_driven_login_testing" title="sauceDemoTest.Scripts.validateLoginData" hash-for-method="validateLogin(standard_user, secret_sauce, https://www.saucedemo.com/inventory.html)">validateLogin(standard_user, secret_sauce, https://www.saucedemo.com/inventory.html)</a> <!-- method navigator-link -->
                      </span>
                      <br/>
                      <span>
                        <img width="3%" src="skipped.png"/>
                        <a href="#" class="method navigator-link" panel-name="suite-data_driven_login_testing" title="sauceDemoTest.Scripts.validateLoginData" hash-for-method="validateLogin(secret_socked_out_useauce, secret_sauce, https://www.saucedemo.com/)">validateLogin(secret_socked_out_useauce, secret_sauce, https://www.saucedemo.com/)</a> <!-- method navigator-link -->
                      </span>
                      <br/>
                      <span>
                        <img width="3%" src="skipped.png"/>
                        <a href="#" class="method navigator-link" panel-name="suite-data_driven_login_testing" title="sauceDemoTest.Scripts.validateLoginData" hash-for-method="validateLogin(problem_user, secret_sauce, https://www.saucedemo.com/inventory.html)">validateLogin(problem_user, secret_sauce, https://www.saucedemo.com/inventory.html)</a> <!-- method navigator-link -->
                      </span>
                      <br/>
                      <span>
                        <img width="3%" src="skipped.png"/>
                        <a href="#" class="method navigator-link" panel-name="suite-data_driven_login_testing" title="sauceDemoTest.Scripts.validateLoginData" hash-for-method="validateLogin(performance_glitch_user, secret_sauce, https://www.saucedemo.com/inventory.html)">validateLogin(performance_glitch_user, secret_sauce, https://www.saucedemo.com/inventory.html)</a> <!-- method navigator-link -->
                      </span>
                      <br/>
                    </div> <!-- method-list-content skipped suite-data_driven_login_testing -->
                  </li>
                </ul>
              </div> <!-- suite-section-content -->
            </div> <!-- result-section -->
          </div> <!-- navigator-suite-content -->
        </div> <!-- rounded-window -->
      </div> <!-- suite -->
    </div> <!-- navigator-root -->
    <div class="wrapper">
      <div class="main-panel-root">
        <div panel-name="suite-data_driven_login_testing" class="panel data_driven_login_testing">
          <div class="suite-data_driven_login_testing-class-skipped">
            <div class="main-panel-header rounded-window-top">
              <img src="skipped.png"/>
              <span class="class-name">sauceDemoTest.Scripts.validateLoginData</span>
            </div> <!-- main-panel-header rounded-window-top -->
            <div class="main-panel-content rounded-window-bottom">
              <div class="method">
                <div class="method-content">
                  <a name="validateLogin(standard_user, secret_sauce, https://www.saucedemo.com/inventory.html)">
                  </a> <!-- validateLogin(standard_user, secret_sauce, https://www.saucedemo.com/inventory.html) -->
                  <span class="method-name">validateLogin</span>
                  <span class="parameters">(standard_user, secret_sauce, https://www.saucedemo.com/inventory.html)</span>
                  <div class="stack-trace">org.openqa.selenium.SessionNotCreatedException: session not created: This version of ChromeDriver only supports Chrome version 105
Current browser version is 109.0.5414.76 with binary path C:\Program Files\Google\Chrome\Application\chrome.exe
  (Driver info: chromedriver=105.0.5195.52 (412c95e518836d8a7d97250d62b29c2ae6a26a85-refs/branch-heads/5195@{#853}),platform=Windows NT 10.0.19045 x86_64) (WARNING: The server did not provide any stacktrace information)
Command duration or timeout: 1.41 seconds
Build info: version: &apos;2.53.0&apos;, revision: &apos;35ae25b1534ae328c771e0856c93e187490ca824&apos;, time: &apos;2016-03-15 10:43:46&apos;
System info: host: &apos;LAPTOP-F33J5HS6&apos;, ip: &apos;192.168.0.243&apos;, os.name: &apos;Windows 10&apos;, os.arch: &apos;amd64&apos;, os.version: &apos;10.0&apos;, java.version: &apos;1.8.0_291&apos;
Driver info: org.openqa.selenium.chrome.ChromeDriver
	at org.openqa.selenium.remote.ErrorHandler.createThrowable(ErrorHandler.java:206)
	at org.openqa.selenium.remote.ErrorHandler.throwIfResponseFailed(ErrorHandler.java:158)
	at org.openqa.selenium.remote.RemoteWebDriver.execute(RemoteWebDriver.java:678)
	at org.openqa.selenium.remote.RemoteWebDriver.startSession(RemoteWebDriver.java:249)
	at org.openqa.selenium.remote.RemoteWebDriver.&lt;init&gt;(RemoteWebDriver.java:131)
	at org.openqa.selenium.remote.RemoteWebDriver.&lt;init&gt;(RemoteWebDriver.java:144)
	at org.openqa.selenium.chrome.ChromeDriver.&lt;init&gt;(ChromeDriver.java:170)
	at org.openqa.selenium.chrome.ChromeDriver.&lt;init&gt;(ChromeDriver.java:159)
	at org.openqa.selenium.chrome.ChromeDriver.&lt;init&gt;(ChromeDriver.java:116)
	at sauceDemoTest.Scripts.validateLoginData.setupTest(validateLoginData.java:31)
... Removed 27 stack frames
</div> <!-- stack-trace -->
                </div> <!-- method-content -->
              </div> <!-- method -->
              <div class="method">
                <div class="method-content">
                  <a name="validateLogin(secret_socked_out_useauce, secret_sauce, https://www.saucedemo.com/)">
                  </a> <!-- validateLogin(secret_socked_out_useauce, secret_sauce, https://www.saucedemo.com/) -->
                  <span class="method-name">validateLogin</span>
                  <span class="parameters">(secret_socked_out_useauce, secret_sauce, https://www.saucedemo.com/)</span>
                  <div class="stack-trace">org.openqa.selenium.SessionNotCreatedException: session not created: This version of ChromeDriver only supports Chrome version 105
Current browser version is 109.0.5414.76 with binary path C:\Program Files\Google\Chrome\Application\chrome.exe
  (Driver info: chromedriver=105.0.5195.52 (412c95e518836d8a7d97250d62b29c2ae6a26a85-refs/branch-heads/5195@{#853}),platform=Windows NT 10.0.19045 x86_64) (WARNING: The server did not provide any stacktrace information)
Command duration or timeout: 1.18 seconds
Build info: version: &apos;2.53.0&apos;, revision: &apos;35ae25b1534ae328c771e0856c93e187490ca824&apos;, time: &apos;2016-03-15 10:43:46&apos;
System info: host: &apos;LAPTOP-F33J5HS6&apos;, ip: &apos;192.168.0.243&apos;, os.name: &apos;Windows 10&apos;, os.arch: &apos;amd64&apos;, os.version: &apos;10.0&apos;, java.version: &apos;1.8.0_291&apos;
Driver info: org.openqa.selenium.chrome.ChromeDriver
	at org.openqa.selenium.remote.ErrorHandler.createThrowable(ErrorHandler.java:206)
	at org.openqa.selenium.remote.ErrorHandler.throwIfResponseFailed(ErrorHandler.java:158)
	at org.openqa.selenium.remote.RemoteWebDriver.execute(RemoteWebDriver.java:678)
	at org.openqa.selenium.remote.RemoteWebDriver.startSession(RemoteWebDriver.java:249)
	at org.openqa.selenium.remote.RemoteWebDriver.&lt;init&gt;(RemoteWebDriver.java:131)
	at org.openqa.selenium.remote.RemoteWebDriver.&lt;init&gt;(RemoteWebDriver.java:144)
	at org.openqa.selenium.chrome.ChromeDriver.&lt;init&gt;(ChromeDriver.java:170)
	at org.openqa.selenium.chrome.ChromeDriver.&lt;init&gt;(ChromeDriver.java:159)
	at org.openqa.selenium.chrome.ChromeDriver.&lt;init&gt;(ChromeDriver.java:116)
	at sauceDemoTest.Scripts.validateLoginData.setupTest(validateLoginData.java:31)
... Removed 27 stack frames
</div> <!-- stack-trace -->
                </div> <!-- method-content -->
              </div> <!-- method -->
              <div class="method">
                <div class="method-content">
                  <a name="validateLogin(problem_user, secret_sauce, https://www.saucedemo.com/inventory.html)">
                  </a> <!-- validateLogin(problem_user, secret_sauce, https://www.saucedemo.com/inventory.html) -->
                  <span class="method-name">validateLogin</span>
                  <span class="parameters">(problem_user, secret_sauce, https://www.saucedemo.com/inventory.html)</span>
                  <div class="stack-trace">org.openqa.selenium.SessionNotCreatedException: session not created: This version of ChromeDriver only supports Chrome version 105
Current browser version is 109.0.5414.76 with binary path C:\Program Files\Google\Chrome\Application\chrome.exe
  (Driver info: chromedriver=105.0.5195.52 (412c95e518836d8a7d97250d62b29c2ae6a26a85-refs/branch-heads/5195@{#853}),platform=Windows NT 10.0.19045 x86_64) (WARNING: The server did not provide any stacktrace information)
Command duration or timeout: 1.24 seconds
Build info: version: &apos;2.53.0&apos;, revision: &apos;35ae25b1534ae328c771e0856c93e187490ca824&apos;, time: &apos;2016-03-15 10:43:46&apos;
System info: host: &apos;LAPTOP-F33J5HS6&apos;, ip: &apos;192.168.0.243&apos;, os.name: &apos;Windows 10&apos;, os.arch: &apos;amd64&apos;, os.version: &apos;10.0&apos;, java.version: &apos;1.8.0_291&apos;
Driver info: org.openqa.selenium.chrome.ChromeDriver
	at org.openqa.selenium.remote.ErrorHandler.createThrowable(ErrorHandler.java:206)
	at org.openqa.selenium.remote.ErrorHandler.throwIfResponseFailed(ErrorHandler.java:158)
	at org.openqa.selenium.remote.RemoteWebDriver.execute(RemoteWebDriver.java:678)
	at org.openqa.selenium.remote.RemoteWebDriver.startSession(RemoteWebDriver.java:249)
	at org.openqa.selenium.remote.RemoteWebDriver.&lt;init&gt;(RemoteWebDriver.java:131)
	at org.openqa.selenium.remote.RemoteWebDriver.&lt;init&gt;(RemoteWebDriver.java:144)
	at org.openqa.selenium.chrome.ChromeDriver.&lt;init&gt;(ChromeDriver.java:170)
	at org.openqa.selenium.chrome.ChromeDriver.&lt;init&gt;(ChromeDriver.java:159)
	at org.openqa.selenium.chrome.ChromeDriver.&lt;init&gt;(ChromeDriver.java:116)
	at sauceDemoTest.Scripts.validateLoginData.setupTest(validateLoginData.java:31)
... Removed 27 stack frames
</div> <!-- stack-trace -->
                </div> <!-- method-content -->
              </div> <!-- method -->
              <div class="method">
                <div class="method-content">
                  <a name="validateLogin(performance_glitch_user, secret_sauce, https://www.saucedemo.com/inventory.html)">
                  </a> <!-- validateLogin(performance_glitch_user, secret_sauce, https://www.saucedemo.com/inventory.html) -->
                  <span class="method-name">validateLogin</span>
                  <span class="parameters">(performance_glitch_user, secret_sauce, https://www.saucedemo.com/inventory.html)</span>
                  <div class="stack-trace">org.openqa.selenium.SessionNotCreatedException: session not created: This version of ChromeDriver only supports Chrome version 105
Current browser version is 109.0.5414.76 with binary path C:\Program Files\Google\Chrome\Application\chrome.exe
  (Driver info: chromedriver=105.0.5195.52 (412c95e518836d8a7d97250d62b29c2ae6a26a85-refs/branch-heads/5195@{#853}),platform=Windows NT 10.0.19045 x86_64) (WARNING: The server did not provide any stacktrace information)
Command duration or timeout: 1.15 seconds
Build info: version: &apos;2.53.0&apos;, revision: &apos;35ae25b1534ae328c771e0856c93e187490ca824&apos;, time: &apos;2016-03-15 10:43:46&apos;
System info: host: &apos;LAPTOP-F33J5HS6&apos;, ip: &apos;192.168.0.243&apos;, os.name: &apos;Windows 10&apos;, os.arch: &apos;amd64&apos;, os.version: &apos;10.0&apos;, java.version: &apos;1.8.0_291&apos;
Driver info: org.openqa.selenium.chrome.ChromeDriver
	at org.openqa.selenium.remote.ErrorHandler.createThrowable(ErrorHandler.java:206)
	at org.openqa.selenium.remote.ErrorHandler.throwIfResponseFailed(ErrorHandler.java:158)
	at org.openqa.selenium.remote.RemoteWebDriver.execute(RemoteWebDriver.java:678)
	at org.openqa.selenium.remote.RemoteWebDriver.startSession(RemoteWebDriver.java:249)
	at org.openqa.selenium.remote.RemoteWebDriver.&lt;init&gt;(RemoteWebDriver.java:131)
	at org.openqa.selenium.remote.RemoteWebDriver.&lt;init&gt;(RemoteWebDriver.java:144)
	at org.openqa.selenium.chrome.ChromeDriver.&lt;init&gt;(ChromeDriver.java:170)
	at org.openqa.selenium.chrome.ChromeDriver.&lt;init&gt;(ChromeDriver.java:159)
	at org.openqa.selenium.chrome.ChromeDriver.&lt;init&gt;(ChromeDriver.java:116)
	at sauceDemoTest.Scripts.validateLoginData.setupTest(validateLoginData.java:31)
... Removed 27 stack frames
</div> <!-- stack-trace -->
                </div> <!-- method-content -->
              </div> <!-- method -->
            </div> <!-- main-panel-content rounded-window-bottom -->
          </div> <!-- suite-data_driven_login_testing-class-skipped -->
        </div> <!-- panel data_driven_login_testing -->
        <div panel-name="test-xml-data_driven_login_testing" class="panel">
          <div class="main-panel-header rounded-window-top">
            <span class="header-content">C:\Users\sacon\OneDrive\Desktop\workspace\TestNG-Maven\src\test\java\logindata.xml</span>
          </div> <!-- main-panel-header rounded-window-top -->
          <div class="main-panel-content rounded-window-bottom">
            <pre>
&lt;?xml version=&quot;1.0&quot; encoding=&quot;UTF-8&quot;?&gt;
&lt;!DOCTYPE suite SYSTEM &quot;http://testng.org/testng-1.0.dtd&quot;&gt;
&lt;suite name=&quot;data driven login testing&quot;&gt;
  &lt;test name=&quot;validating positive data&quot;&gt;
    &lt;parameter name=&quot;password&quot; value=&quot;secret_sauce&quot;/&gt;
    &lt;parameter name=&quot;userid&quot; value=&quot;standard_user&quot;/&gt;
    &lt;parameter name=&quot;expectedvalue&quot; value=&quot;https://www.saucedemo.com/inventory.html&quot;/&gt;
    &lt;classes&gt;
      &lt;class name=&quot;sauceDemoTest.Scripts.validateLoginData&quot;/&gt;
    &lt;/classes&gt;
  &lt;/test&gt; &lt;!-- validating positive data --&gt;
  &lt;test name=&quot;validating negative data&quot;&gt;
    &lt;parameter name=&quot;password&quot; value=&quot;secret_sauce&quot;/&gt;
    &lt;parameter name=&quot;userid&quot; value=&quot;secret_socked_out_useauce&quot;/&gt;
    &lt;parameter name=&quot;expectedvalue&quot; value=&quot;https://www.saucedemo.com/&quot;/&gt;
    &lt;classes&gt;
      &lt;class name=&quot;sauceDemoTest.Scripts.validateLoginData&quot;/&gt;
    &lt;/classes&gt;
  &lt;/test&gt; &lt;!-- validating negative data --&gt;
  &lt;test name=&quot;validating problem user data&quot;&gt;
    &lt;parameter name=&quot;password&quot; value=&quot;secret_sauce&quot;/&gt;
    &lt;parameter name=&quot;userid&quot; value=&quot;problem_user&quot;/&gt;
    &lt;parameter name=&quot;expectedvalue&quot; value=&quot;https://www.saucedemo.com/inventory.html&quot;/&gt;
    &lt;classes&gt;
      &lt;class name=&quot;sauceDemoTest.Scripts.validateLoginData&quot;/&gt;
    &lt;/classes&gt;
  &lt;/test&gt; &lt;!-- validating problem user data --&gt;
  &lt;test name=&quot;validating performance user data&quot;&gt;
    &lt;parameter name=&quot;password&quot; value=&quot;secret_sauce&quot;/&gt;
    &lt;parameter name=&quot;userid&quot; value=&quot;performance_glitch_user&quot;/&gt;
    &lt;parameter name=&quot;expectedvalue&quot; value=&quot;https://www.saucedemo.com/inventory.html&quot;/&gt;
    &lt;classes&gt;
      &lt;class name=&quot;sauceDemoTest.Scripts.validateLoginData&quot;/&gt;
    &lt;/classes&gt;
  &lt;/test&gt; &lt;!-- validating performance user data --&gt;
&lt;/suite&gt; &lt;!-- data driven login testing --&gt;
            </pre>
          </div> <!-- main-panel-content rounded-window-bottom -->
        </div> <!-- panel -->
        <div panel-name="testlist-data_driven_login_testing" class="panel">
          <div class="main-panel-header rounded-window-top">
            <span class="header-content">Tests for data driven login testing</span>
          </div> <!-- main-panel-header rounded-window-top -->
          <div class="main-panel-content rounded-window-bottom">
            <ul>
              <li>
                <span class="test-name">validating positive data (1 class)</span>
              </li>
              <li>
                <span class="test-name">validating negative data (1 class)</span>
              </li>
              <li>
                <span class="test-name">validating problem user data (1 class)</span>
              </li>
              <li>
                <span class="test-name">validating performance user data (1 class)</span>
              </li>
            </ul>
          </div> <!-- main-panel-content rounded-window-bottom -->
        </div> <!-- panel -->
        <div panel-name="group-data_driven_login_testing" class="panel">
          <div class="main-panel-header rounded-window-top">
            <span class="header-content">Groups for data driven login testing</span>
          </div> <!-- main-panel-header rounded-window-top -->
          <div class="main-panel-content rounded-window-bottom">
          </div> <!-- main-panel-content rounded-window-bottom -->
        </div> <!-- panel -->
        <div panel-name="times-data_driven_login_testing" class="panel">
          <div class="main-panel-header rounded-window-top">
            <span class="header-content">Times for data driven login testing</span>
          </div> <!-- main-panel-header rounded-window-top -->
          <div class="main-panel-content rounded-window-bottom">
            <div class="times-div">
              <script type="text/javascript">
suiteTableInitFunctions.push('tableData_data_driven_login_testing');
function tableData_data_driven_login_testing() {
var data = new google.visualization.DataTable();
data.addColumn('number', 'Number');
data.addColumn('string', 'Method');
data.addColumn('string', 'Class');
data.addColumn('number', 'Time (ms)');
data.addRows(4);
data.setCell(0, 0, 0)
data.setCell(0, 1, 'validateLogin')
data.setCell(0, 2, 'sauceDemoTest.Scripts.validateLoginData')
data.setCell(0, 3, 2);
data.setCell(1, 0, 1)
data.setCell(1, 1, 'validateLogin')
data.setCell(1, 2, 'sauceDemoTest.Scripts.validateLoginData')
data.setCell(1, 3, 1);
data.setCell(2, 0, 2)
data.setCell(2, 1, 'validateLogin')
data.setCell(2, 2, 'sauceDemoTest.Scripts.validateLoginData')
data.setCell(2, 3, 1);
data.setCell(3, 0, 3)
data.setCell(3, 1, 'validateLogin')
data.setCell(3, 2, 'sauceDemoTest.Scripts.validateLoginData')
data.setCell(3, 3, 1);
window.suiteTableData['data_driven_login_testing']= { tableData: data, tableDiv: 'times-div-data_driven_login_testing'}
return data;
}
              </script>
              <span class="suite-total-time">Total running time: 5 ms</span>
              <div id="times-div-data_driven_login_testing">
              </div> <!-- times-div-data_driven_login_testing -->
            </div> <!-- times-div -->
          </div> <!-- main-panel-content rounded-window-bottom -->
        </div> <!-- panel -->
        <div panel-name="reporter-data_driven_login_testing" class="panel">
          <div class="main-panel-header rounded-window-top">
            <span class="header-content">Reporter output for data driven login testing</span>
          </div> <!-- main-panel-header rounded-window-top -->
          <div class="main-panel-content rounded-window-bottom">
          </div> <!-- main-panel-content rounded-window-bottom -->
        </div> <!-- panel -->
        <div panel-name="ignored-methods-data_driven_login_testing" class="panel">
          <div class="main-panel-header rounded-window-top">
            <span class="header-content">0 ignored methods</span>
          </div> <!-- main-panel-header rounded-window-top -->
          <div class="main-panel-content rounded-window-bottom">
          </div> <!-- main-panel-content rounded-window-bottom -->
        </div> <!-- panel -->
        <div panel-name="chronological-data_driven_login_testing" class="panel">
          <div class="main-panel-header rounded-window-top">
            <span class="header-content">Methods in chronological order</span>
          </div> <!-- main-panel-header rounded-window-top -->
          <div class="main-panel-content rounded-window-bottom">
            <div class="chronological-class">
              <div class="chronological-class-name">sauceDemoTest.Scripts.validateLoginData</div> <!-- chronological-class-name -->
              <div class="configuration-test before">
                <img src="failed.png">
                </img>
                <span class="method-name">setupTest</span>
                <span class="method-start">0 ms</span>
              </div> <!-- configuration-test before -->
              <div class="test-method">
                <span class="method-name">validateLogin(standard_user, secret_sauce, https://www.saucedemo.com/inventory.html)</span>
                <span class="method-start">2934 ms</span>
              </div> <!-- test-method -->
              <div class="configuration-test before">
                <img src="failed.png">
                </img>
                <span class="method-name">setupTest</span>
                <span class="method-start">2973 ms</span>
              </div> <!-- configuration-test before -->
              <div class="test-method">
                <span class="method-name">validateLogin(secret_socked_out_useauce, secret_sauce, https://www.saucedemo.com/)</span>
                <span class="method-start">4881 ms</span>
              </div> <!-- test-method -->
              <div class="configuration-test before">
                <img src="failed.png">
                </img>
                <span class="method-name">setupTest</span>
                <span class="method-start">4906 ms</span>
              </div> <!-- configuration-test before -->
              <div class="test-method">
                <span class="method-name">validateLogin(problem_user, secret_sauce, https://www.saucedemo.com/inventory.html)</span>
                <span class="method-start">6886 ms</span>
              </div> <!-- test-method -->
              <div class="configuration-test before">
                <img src="failed.png">
                </img>
                <span class="method-name">setupTest</span>
                <span class="method-start">6907 ms</span>
              </div> <!-- configuration-test before -->
              <div class="test-method">
                <span class="method-name">validateLogin(performance_glitch_user, secret_sauce, https://www.saucedemo.com/inventory.html)</span>
                <span class="method-start">8801 ms</span>
              </div> <!-- test-method -->
          </div> <!-- main-panel-content rounded-window-bottom -->
        </div> <!-- panel -->
      </div> <!-- main-panel-root -->
    </div> <!-- wrapper -->
  </body>
</html>
