<?xml version="1.0" encoding="UTF-8"?>
<!-- Generated by org.testng.reporters.JUnitXMLReporter -->
<testsuite hostname="LAPTOP-F33J5HS6" ignored="0" name="validating problem user data" tests="1" failures="0" timestamp="26 Jan 2023 11:40:33 GMT" time="1.987" errors="0">
  <testcase name="@BeforeTest setupTest" time="0.0" classname="sauceDemoTest.Scripts.validateLoginData">
    <failure type="org.openqa.selenium.SessionNotCreatedException" message="session not created: This version of ChromeDriver only supports Chrome version 105
Current browser version is 109.0.5414.76 with binary path C:\Program Files\Google\Chrome\Application\chrome.exe
  (Driver info: chromedriver=105.0.5195.52 (412c95e518836d8a7d97250d62b29c2ae6a26a85-refs/branch-heads/5195@{#853}),platform=Windows NT 10.0.19045 x86_64) (WARNING: The server did not provide any stacktrace information)
Command duration or timeout: 1.24 seconds
Build info: version: &amp;apos;2.53.0&amp;apos;, revision: &amp;apos;35ae25b1534ae328c771e0856c93e187490ca824&amp;apos;, time: &amp;apos;2016-03-15 10:43:46&amp;apos;
System info: host: &amp;apos;LAPTOP-F33J5HS6&amp;apos;, ip: &amp;apos;192.168.0.243&amp;apos;, os.name: &amp;apos;Windows 10&amp;apos;, os.arch: &amp;apos;amd64&amp;apos;, os.version: &amp;apos;10.0&amp;apos;, java.version: &amp;apos;1.8.0_291&amp;apos;
Driver info: org.openqa.selenium.chrome.ChromeDriver">
      <![CDATA[org.openqa.selenium.SessionNotCreatedException: session not created: This version of ChromeDriver only supports Chrome version 105
Current browser version is 109.0.5414.76 with binary path C:\Program Files\Google\Chrome\Application\chrome.exe
  (Driver info: chromedriver=105.0.5195.52 (412c95e518836d8a7d97250d62b29c2ae6a26a85-refs/branch-heads/5195@{#853}),platform=Windows NT 10.0.19045 x86_64) (WARNING: The server did not provide any stacktrace information)
Command duration or timeout: 1.24 seconds
Build info: version: '2.53.0', revision: '35ae25b1534ae328c771e0856c93e187490ca824', time: '2016-03-15 10:43:46'
System info: host: 'LAPTOP-F33J5HS6', ip: '192.168.0.243', os.name: 'Windows 10', os.arch: 'amd64', os.version: '10.0', java.version: '1.8.0_291'
Driver info: org.openqa.selenium.chrome.ChromeDriver
	at org.openqa.selenium.remote.ErrorHandler.createThrowable(ErrorHandler.java:206)
	at org.openqa.selenium.remote.ErrorHandler.throwIfResponseFailed(ErrorHandler.java:158)
	at org.openqa.selenium.remote.RemoteWebDriver.execute(RemoteWebDriver.java:678)
	at org.openqa.selenium.remote.RemoteWebDriver.startSession(RemoteWebDriver.java:249)
	at org.openqa.selenium.remote.RemoteWebDriver.<init>(RemoteWebDriver.java:131)
	at org.openqa.selenium.remote.RemoteWebDriver.<init>(RemoteWebDriver.java:144)
	at org.openqa.selenium.chrome.ChromeDriver.<init>(ChromeDriver.java:170)
	at org.openqa.selenium.chrome.ChromeDriver.<init>(ChromeDriver.java:159)
	at org.openqa.selenium.chrome.ChromeDriver.<init>(ChromeDriver.java:116)
	at sauceDemoTest.Scripts.validateLoginData.setupTest(validateLoginData.java:31)
... Removed 27 stack frames]]>
    </failure>
  </testcase> <!-- @BeforeTest setupTest -->
  <testcase name="@BeforeMethod getToHomePage" time="0.0" classname="sauceDemoTest.Scripts.validateLoginData">
    <skipped/>
  </testcase> <!-- @BeforeMethod getToHomePage -->
  <testcase name="@AfterTest endTest" time="0.0" classname="sauceDemoTest.Scripts.validateLoginData">
    <skipped/>
  </testcase> <!-- @AfterTest endTest -->
  <testcase name="validateLogin" time="0.002" classname="sauceDemoTest.Scripts.validateLoginData">
    <skipped/>
  </testcase> <!-- validateLogin -->
</testsuite> <!-- validating problem user data -->
